#
# A fatal error has been detected by the Java Runtime Environment:
#
#  EXCEPTION_ACCESS_VIOLATION (0xc0000005) at pc=0x00007fffd22de0f3, pid=11000, tid=15856
#
# JRE version: Java(TM) SE Runtime Environment (14.0.2+12) (build 14.0.2+12-46)
# Java VM: Java HotSpot(TM) 64-Bit Server VM (14.0.2+12-46, mixed mode, sharing, tiered, compressed oops, g1 gc, windows-amd64)
# Problematic frame:
# V  [jvm.dll+0x2ee0f3]
#
# No core dump will be written. Minidumps are not enabled by default on client versions of Windows
#
# If you would like to submit a bug report, please visit:
#   https://bugreport.java.com/bugreport/crash.jsp
#

---------------  S U M M A R Y ------------

Command Line: -XX:+ShowCodeDetailsInExceptionMessages -agentlib:jdwp=transport=dt_socket,suspend=y,address=localhost:65203 -javaagent:D:\Users\ignac\Universidad\2-Segundo\MDP\eclipse\configuration\org.eclipse.osgi\222\0\.cp\lib\javaagent-shaded.jar -Dfile.encoding=Cp1252 siHorarios.Max_One_Horarios

Host: AMD Ryzen 5 3500U with Radeon Vega Mobile Gfx  , 8 cores, 6G,  Windows 10 , 64 bit Build 19041 (10.0.19041.3636)
Time: Mon Mar 18 15:20:26 2024 Hora estándar romance elapsed time: 127 seconds (0d 0h 2m 7s)

---------------  T H R E A D  ---------------

Current thread (0x000002ac2f23f000):  JavaThread "JDWP Transport Listener: dt_socket" daemon [_thread_in_vm, id=15856, stack(0x000000ceb2300000,0x000000ceb2400000)] _threads_hazard_ptr=0x000002ac2f2563b0

Stack: [0x000000ceb2300000,0x000000ceb2400000],  sp=0x000000ceb23ff080,  free space=1020k
Native frames: (J=compiled Java code, j=interpreted, Vv=VM code, C=native code)
V  [jvm.dll+0x2ee0f3]
V  [jvm.dll+0x2f20a3]
V  [jvm.dll+0x2f248c]
V  [jvm.dll+0x2ee3c2]
V  [jvm.dll+0x5e7b55]
V  [jvm.dll+0x5e78dd]
V  [jvm.dll+0x5af8e3]
V  [jvm.dll+0x739aef]
V  [jvm.dll+0x4bee61]
V  [jvm.dll+0x74908b]
V  [jvm.dll+0x4a54ee]
V  [jvm.dll+0x46ee7b]
C  [jdwp.dll+0x7bbc]


siginfo: EXCEPTION_ACCESS_VIOLATION (0xc0000005), reading address 0xffffffffffffffff


Register to memory mapping:

RIP=0x00007fffd22de0f3 jvm.dll
RAX=0x000002ac2f1d2580 points into unknown readable memory: 01 00 00 00 00 00 00 00
RBX=0x000000ceb23ff250 is pointing into the stack for thread: 0x000002ac2f23f000
RCX=0x000000ceb23ff2c0 is pointing into the stack for thread: 0x000002ac2f23f000
RDX=0xffffffffca00060e is an unknown value
RSP=0x000000ceb23ff080 is pointing into the stack for thread: 0x000002ac2f23f000
RBP=0x00007fffd22de0d0 jvm.dll
RSI=0x0 is NULL
RDI=0x0 is NULL
R8 =0x03ffffffff280018 is an unknown value
R9 =0x000000000000000e is an unknown value
R10=0x000002ac2eafec4a is pointing into metadata
R11=0x000002ac2eafec4c is pointing into metadata
R12=0x0000000000000001 is an unknown value
R13=0x00007fffd1ff0000 jvm.dll
R14=0x0000000000000001 is an unknown value
R15=0x00000000000003f2 is an unknown value


Registers:
RAX=0x000002ac2f1d2580, RBX=0x000000ceb23ff250, RCX=0x000000ceb23ff2c0, RDX=0xffffffffca00060e
RSP=0x000000ceb23ff080, RBP=0x00007fffd22de0d0, RSI=0x0000000000000000, RDI=0x0000000000000000
R8 =0x03ffffffff280018, R9 =0x000000000000000e, R10=0x000002ac2eafec4a, R11=0x000002ac2eafec4c
R12=0x0000000000000001, R13=0x00007fffd1ff0000, R14=0x0000000000000001, R15=0x00000000000003f2
RIP=0x00007fffd22de0f3, EFLAGS=0x0000000000010216

Top of Stack: (sp=0x000000ceb23ff080)
0x000000ceb23ff080:   000002ac2e65f540 00007fffd21b5447
0x000000ceb23ff090:   000002ac2eaff16a 00007fffd22f350a
0x000000ceb23ff0a0:   000000ceb23ff250 00007fffd22e20a3
0x000000ceb23ff0b0:   000000ceb23ff250 000002ac2f23f000
0x000000ceb23ff0c0:   000000ceb23ff120 00007fffd210137e
0x000000ceb23ff0d0:   000002ac2eafec4a 000000ce000000aa
0x000000ceb23ff0e0:   000002ac2f1d9248 000002ac2eafec4a
0x000000ceb23ff0f0:   00000000000000aa 00007fffd22e248c
0x000000ceb23ff100:   000000ceb23ff250 00000000000003f2
0x000000ceb23ff110:   00000000000000aa 000002ac0dd10cc0
0x000000ceb23ff120:   000002ac2eaff168 000002ac2f23f000
0x000000ceb23ff130:   00000408000003f2 000000aa000006af
0x000000ceb23ff140:   000006af00000000 ffffffff000000aa
0x000000ceb23ff150:   000002ac2f1d9248 0000000000000000
0x000000ceb23ff160:   0000000000000000 00000000000083b0
0x000000ceb23ff170:   000002ac2f1d2530 00007fffd22de3c2 

Instructions: (pc=0x00007fffd22de0f3)
0x00007fffd22ddff3:   84 b4 00 00 00 48 8b 5b 10 48 85 db 75 ef 33 d2
0x00007fffd22de003:   8d 4a 18 e8 65 39 36 00 48 8b d8 48 85 c0 0f 84
0x00007fffd22de013:   8e 00 00 00 33 d2 48 89 6c 24 48 49 8b 2e 48 89
0x00007fffd22de023:   74 24 50 89 38 8d 4a 20 e8 40 39 36 00 33 ff 48
0x00007fffd22de033:   8b f0 48 85 c0 74 54 8b 0d 38 23 6d 00 8d 57 08
0x00007fffd22de043:   89 48 04 48 8b c8 89 38 c7 40 10 08 00 00 00 48
0x00007fffd22de053:   89 78 08 e8 45 4e 01 00 48 89 46 18 39 7e 04 7e
0x00007fffd22de063:   2d 0f 1f 40 00 0f 1f 84 00 00 00 00 00 48 8b 46
0x00007fffd22de073:   18 48 63 cf 48 8d 14 c8 48 85 d2 74 05 33 c0 48
0x00007fffd22de083:   89 02 ff c7 3b 7e 04 7c e4 eb 03 48 8b f7 48 89
0x00007fffd22de093:   73 08 48 8b 74 24 50 48 89 6b 10 48 8b 6c 24 48
0x00007fffd22de0a3:   eb 04 33 ff 8b df 49 89 1e 48 8b 4b 08 48 8d 54
0x00007fffd22de0b3:   24 40 4c 89 7c 24 40 e8 e1 8b dc ff 48 8b 5c 24
0x00007fffd22de0c3:   58 48 83 c4 20 41 5f 41 5e 5f c3 cc cc 40 53 48
0x00007fffd22de0d3:   83 ec 20 48 63 d2 48 8b d9 0f b6 c2 48 83 c1 70
0x00007fffd22de0e3:   24 3f 4c 8b c2 44 0f b6 c8 49 c1 e8 06 48 8b 01
0x00007fffd22de0f3:   4e 8b 04 c0 4d 0f a3 c8 72 0b 41 b0 01 e8 6b f9
0x00007fffd22de103:   e0 ff ff 43 6c 48 83 c4 20 5b c3 cc cc 8b c2 4c
0x00007fffd22de113:   8b d1 41 33 c0 a9 00 00 00 f0 0f 84 ca 00 00 00
0x00007fffd22de123:   44 8b ca 8b c2 41 c1 e9 1d b9 72 00 00 00 41 80
0x00007fffd22de133:   e1 01 c1 e8 1e 44 8d 59 ae a8 01 74 1a 45 84 c9
0x00007fffd22de143:   75 0d c1 ea 1c f6 c2 01 75 05 44 8b c9 eb 35 41
0x00007fffd22de153:   b9 23 00 00 00 eb 2d 45 84 c9 74 08 41 b9 76 00
0x00007fffd22de163:   00 00 eb 20 8b c2 c1 e8 1c a8 01 74 08 41 b9 70
0x00007fffd22de173:   00 00 00 eb 0f c1 ea 1f 41 b9 40 00 00 00 84 d2
0x00007fffd22de183:   45 0f 45 cb 41 8b d0 41 8b c0 c1 ea 1d 80 e2 01
0x00007fffd22de193:   c1 e8 1e a8 01 74 15 84 d2 75 0a 41 c1 e8 1c 41
0x00007fffd22de1a3:   f6 c0 01 74 33 b9 23 00 00 00 eb 2c 84 d2 74 07
0x00007fffd22de1b3:   b9 76 00 00 00 eb 21 41 8b c0 c1 e8 1c a8 01 74
0x00007fffd22de1c3:   07 b9 70 00 00 00 eb 10 41 c1 e8 1f b9 40 00 00
0x00007fffd22de1d3:   00 45 84 c0 41 0f 45 cb 44 8b c1 48 8d 15 53 79
0x00007fffd22de1e3:   56 00 49 8b ca e9 f3 5b 00 00 c3 cc cc 48 89 5c 


Stack slot to memory mapping:
stack at sp + 0 slots: 0x000002ac2e65f540 points into unknown readable memory: a8 86 f0 97 00 00 00 00
stack at sp + 1 slots: 0x00007fffd21b5447 jvm.dll
stack at sp + 2 slots: 0x000002ac2eaff16a is pointing into metadata
stack at sp + 3 slots: 0x00007fffd22f350a jvm.dll
stack at sp + 4 slots: 0x000000ceb23ff250 is pointing into the stack for thread: 0x000002ac2f23f000
stack at sp + 5 slots: 0x00007fffd22e20a3 jvm.dll
stack at sp + 6 slots: 0x000000ceb23ff250 is pointing into the stack for thread: 0x000002ac2f23f000
stack at sp + 7 slots: 0x000002ac2f23f000 is a thread


---------------  P R O C E S S  ---------------

Threads class SMR info:
_java_thread_list=0x000002ac2f2563b0, length=14, elements={
0x000002ac0ff53800, 0x000002ac2e63d000, 0x000002ac2e63f800, 0x000002ac2e65c800,
0x000002ac2e65d800, 0x000002ac2e65e800, 0x000002ac2e665800, 0x000002ac2e679800,
0x000002ac2e67e800, 0x000002ac2e622000, 0x000002ac2f23f000, 0x000002ac2f16a800,
0x000002ac2f16c000, 0x000002ac2f281000
}

Java Threads: ( => current thread )
  0x000002ac0ff53800 JavaThread "main" [_thread_blocked, id=13604, stack(0x000000ceb1200000,0x000000ceb1300000)]
  0x000002ac2e63d000 JavaThread "Reference Handler" daemon [_thread_blocked, id=17820, stack(0x000000ceb1900000,0x000000ceb1a00000)]
  0x000002ac2e63f800 JavaThread "Finalizer" daemon [_thread_blocked, id=6944, stack(0x000000ceb1a00000,0x000000ceb1b00000)]
  0x000002ac2e65c800 JavaThread "Signal Dispatcher" daemon [_thread_blocked, id=17276, stack(0x000000ceb1b00000,0x000000ceb1c00000)]
  0x000002ac2e65d800 JavaThread "Attach Listener" daemon [_thread_blocked, id=11960, stack(0x000000ceb1c00000,0x000000ceb1d00000)]
  0x000002ac2e65e800 JavaThread "Service Thread" daemon [_thread_blocked, id=7496, stack(0x000000ceb1d00000,0x000000ceb1e00000)]
  0x000002ac2e665800 JavaThread "C2 CompilerThread0" daemon [_thread_blocked, id=11412, stack(0x000000ceb1e00000,0x000000ceb1f00000)]
  0x000002ac2e679800 JavaThread "C1 CompilerThread0" daemon [_thread_blocked, id=11544, stack(0x000000ceb1f00000,0x000000ceb2000000)]
  0x000002ac2e67e800 JavaThread "Sweeper thread" daemon [_thread_blocked, id=4852, stack(0x000000ceb2000000,0x000000ceb2100000)]
  0x000002ac2e622000 JavaThread "Common-Cleaner" daemon [_thread_blocked, id=2756, stack(0x000000ceb2100000,0x000000ceb2200000)]
=>0x000002ac2f23f000 JavaThread "JDWP Transport Listener: dt_socket" daemon [_thread_in_vm, id=15856, stack(0x000000ceb2300000,0x000000ceb2400000)]
  0x000002ac2f16a800 JavaThread "JDWP Event Helper Thread" daemon [_thread_blocked, id=18004, stack(0x000000ceb2400000,0x000000ceb2500000)]
  0x000002ac2f16c000 JavaThread "JDWP Command Reader" daemon [_thread_in_native, id=560, stack(0x000000ceb2500000,0x000000ceb2600000)]
  0x000002ac2f281000 JavaThread "Notification Thread" daemon [_thread_blocked, id=11892, stack(0x000000ceb2200000,0x000000ceb2300000)]

Other Threads:
  0x000002ac2e63b000 VMThread "VM Thread" [stack: 0x000000ceb1800000,0x000000ceb1900000] [id=13100]
  0x000002ac2f282000 WatcherThread [stack: 0x000000ceb2600000,0x000000ceb2700000] [id=8696]
  0x000002ac0ff92800 GCTaskThread "GC Thread#0" [stack: 0x000000ceb1300000,0x000000ceb1400000] [id=18336]
  0x000002ac0ffa2000 ConcurrentGCThread "G1 Main Marker" [stack: 0x000000ceb1400000,0x000000ceb1500000] [id=17904]
  0x000002ac0ffa4800 ConcurrentGCThread "G1 Conc#0" [stack: 0x000000ceb1500000,0x000000ceb1600000] [id=8328]
  0x000002ac2e4b0800 ConcurrentGCThread "G1 Refine#0" [stack: 0x000000ceb1600000,0x000000ceb1700000] [id=8292]
  0x000002ac2e4b1000 ConcurrentGCThread "G1 Young RemSet Sampling" [stack: 0x000000ceb1700000,0x000000ceb1800000] [id=8952]

Threads with active compile tasks:

VM state:not at safepoint (normal execution)

VM Mutex/Monitor currently owned by a thread: None

Heap address: 0x0000000091000000, size: 1776 MB, Compressed Oops mode: 32-bit
Narrow klass base: 0x0000000800000000, Narrow klass shift: 3
Compressed class space size: 1073741824 Address: 0x0000000800b30000

Heap:
 garbage-first heap   total 114688K, used 4096K [0x0000000091000000, 0x0000000100000000)
  region size 1024K, 5 young (5120K), 0 survivors (0K)
 Metaspace       used 2786K, capacity 4909K, committed 5120K, reserved 1056768K
  class space    used 258K, capacity 443K, committed 512K, reserved 1048576K
Heap Regions: E=young(eden), S=young(survivor), O=old, HS=humongous(starts), HC=humongous(continues), CS=collection set, F=free, OA=open archive, CA=closed archive, TAMS=top-at-mark-start (previous, next)
|   0|0x0000000091000000, 0x0000000091000000, 0x0000000091100000|  0%| F|  |TAMS 0x0000000091000000, 0x0000000091000000| Untracked 
|   1|0x0000000091100000, 0x0000000091100000, 0x0000000091200000|  0%| F|  |TAMS 0x0000000091100000, 0x0000000091100000| Untracked 
|   2|0x0000000091200000, 0x0000000091200000, 0x0000000091300000|  0%| F|  |TAMS 0x0000000091200000, 0x0000000091200000| Untracked 
|   3|0x0000000091300000, 0x0000000091300000, 0x0000000091400000|  0%| F|  |TAMS 0x0000000091300000, 0x0000000091300000| Untracked 
|   4|0x0000000091400000, 0x0000000091400000, 0x0000000091500000|  0%| F|  |TAMS 0x0000000091400000, 0x0000000091400000| Untracked 
|   5|0x0000000091500000, 0x0000000091500000, 0x0000000091600000|  0%| F|  |TAMS 0x0000000091500000, 0x0000000091500000| Untracked 
|   6|0x0000000091600000, 0x0000000091600000, 0x0000000091700000|  0%| F|  |TAMS 0x0000000091600000, 0x0000000091600000| Untracked 
|   7|0x0000000091700000, 0x0000000091700000, 0x0000000091800000|  0%| F|  |TAMS 0x0000000091700000, 0x0000000091700000| Untracked 
|   8|0x0000000091800000, 0x0000000091800000, 0x0000000091900000|  0%| F|  |TAMS 0x0000000091800000, 0x0000000091800000| Untracked 
|   9|0x0000000091900000, 0x0000000091900000, 0x0000000091a00000|  0%| F|  |TAMS 0x0000000091900000, 0x0000000091900000| Untracked 
|  10|0x0000000091a00000, 0x0000000091a00000, 0x0000000091b00000|  0%| F|  |TAMS 0x0000000091a00000, 0x0000000091a00000| Untracked 
|  11|0x0000000091b00000, 0x0000000091b00000, 0x0000000091c00000|  0%| F|  |TAMS 0x0000000091b00000, 0x0000000091b00000| Untracked 
|  12|0x0000000091c00000, 0x0000000091c00000, 0x0000000091d00000|  0%| F|  |TAMS 0x0000000091c00000, 0x0000000091c00000| Untracked 
|  13|0x0000000091d00000, 0x0000000091d00000, 0x0000000091e00000|  0%| F|  |TAMS 0x0000000091d00000, 0x0000000091d00000| Untracked 
|  14|0x0000000091e00000, 0x0000000091e00000, 0x0000000091f00000|  0%| F|  |TAMS 0x0000000091e00000, 0x0000000091e00000| Untracked 
|  15|0x0000000091f00000, 0x0000000091f00000, 0x0000000092000000|  0%| F|  |TAMS 0x0000000091f00000, 0x0000000091f00000| Untracked 
|  16|0x0000000092000000, 0x0000000092000000, 0x0000000092100000|  0%| F|  |TAMS 0x0000000092000000, 0x0000000092000000| Untracked 
|  17|0x0000000092100000, 0x0000000092100000, 0x0000000092200000|  0%| F|  |TAMS 0x0000000092100000, 0x0000000092100000| Untracked 
|  18|0x0000000092200000, 0x0000000092200000, 0x0000000092300000|  0%| F|  |TAMS 0x0000000092200000, 0x0000000092200000| Untracked 
|  19|0x0000000092300000, 0x0000000092300000, 0x0000000092400000|  0%| F|  |TAMS 0x0000000092300000, 0x0000000092300000| Untracked 
|  20|0x0000000092400000, 0x0000000092400000, 0x0000000092500000|  0%| F|  |TAMS 0x0000000092400000, 0x0000000092400000| Untracked 
|  21|0x0000000092500000, 0x0000000092500000, 0x0000000092600000|  0%| F|  |TAMS 0x0000000092500000, 0x0000000092500000| Untracked 
|  22|0x0000000092600000, 0x0000000092600000, 0x0000000092700000|  0%| F|  |TAMS 0x0000000092600000, 0x0000000092600000| Untracked 
|  23|0x0000000092700000, 0x0000000092700000, 0x0000000092800000|  0%| F|  |TAMS 0x0000000092700000, 0x0000000092700000| Untracked 
|  24|0x0000000092800000, 0x0000000092800000, 0x0000000092900000|  0%| F|  |TAMS 0x0000000092800000, 0x0000000092800000| Untracked 
|  25|0x0000000092900000, 0x0000000092900000, 0x0000000092a00000|  0%| F|  |TAMS 0x0000000092900000, 0x0000000092900000| Untracked 
|  26|0x0000000092a00000, 0x0000000092a00000, 0x0000000092b00000|  0%| F|  |TAMS 0x0000000092a00000, 0x0000000092a00000| Untracked 
|  27|0x0000000092b00000, 0x0000000092b00000, 0x0000000092c00000|  0%| F|  |TAMS 0x0000000092b00000, 0x0000000092b00000| Untracked 
|  28|0x0000000092c00000, 0x0000000092c00000, 0x0000000092d00000|  0%| F|  |TAMS 0x0000000092c00000, 0x0000000092c00000| Untracked 
|  29|0x0000000092d00000, 0x0000000092d00000, 0x0000000092e00000|  0%| F|  |TAMS 0x0000000092d00000, 0x0000000092d00000| Untracked 
|  30|0x0000000092e00000, 0x0000000092e00000, 0x0000000092f00000|  0%| F|  |TAMS 0x0000000092e00000, 0x0000000092e00000| Untracked 
|  31|0x0000000092f00000, 0x0000000092f00000, 0x0000000093000000|  0%| F|  |TAMS 0x0000000092f00000, 0x0000000092f00000| Untracked 
|  32|0x0000000093000000, 0x0000000093000000, 0x0000000093100000|  0%| F|  |TAMS 0x0000000093000000, 0x0000000093000000| Untracked 
|  33|0x0000000093100000, 0x0000000093100000, 0x0000000093200000|  0%| F|  |TAMS 0x0000000093100000, 0x0000000093100000| Untracked 
|  34|0x0000000093200000, 0x0000000093200000, 0x0000000093300000|  0%| F|  |TAMS 0x0000000093200000, 0x0000000093200000| Untracked 
|  35|0x0000000093300000, 0x0000000093300000, 0x0000000093400000|  0%| F|  |TAMS 0x0000000093300000, 0x0000000093300000| Untracked 
|  36|0x0000000093400000, 0x0000000093400000, 0x0000000093500000|  0%| F|  |TAMS 0x0000000093400000, 0x0000000093400000| Untracked 
|  37|0x0000000093500000, 0x0000000093500000, 0x0000000093600000|  0%| F|  |TAMS 0x0000000093500000, 0x0000000093500000| Untracked 
|  38|0x0000000093600000, 0x0000000093600000, 0x0000000093700000|  0%| F|  |TAMS 0x0000000093600000, 0x0000000093600000| Untracked 
|  39|0x0000000093700000, 0x0000000093700000, 0x0000000093800000|  0%| F|  |TAMS 0x0000000093700000, 0x0000000093700000| Untracked 
|  40|0x0000000093800000, 0x0000000093800000, 0x0000000093900000|  0%| F|  |TAMS 0x0000000093800000, 0x0000000093800000| Untracked 
|  41|0x0000000093900000, 0x0000000093900000, 0x0000000093a00000|  0%| F|  |TAMS 0x0000000093900000, 0x0000000093900000| Untracked 
|  42|0x0000000093a00000, 0x0000000093a00000, 0x0000000093b00000|  0%| F|  |TAMS 0x0000000093a00000, 0x0000000093a00000| Untracked 
|  43|0x0000000093b00000, 0x0000000093b00000, 0x0000000093c00000|  0%| F|  |TAMS 0x0000000093b00000, 0x0000000093b00000| Untracked 
|  44|0x0000000093c00000, 0x0000000093c00000, 0x0000000093d00000|  0%| F|  |TAMS 0x0000000093c00000, 0x0000000093c00000| Untracked 
|  45|0x0000000093d00000, 0x0000000093d00000, 0x0000000093e00000|  0%| F|  |TAMS 0x0000000093d00000, 0x0000000093d00000| Untracked 
|  46|0x0000000093e00000, 0x0000000093e00000, 0x0000000093f00000|  0%| F|  |TAMS 0x0000000093e00000, 0x0000000093e00000| Untracked 
|  47|0x0000000093f00000, 0x0000000093f00000, 0x0000000094000000|  0%| F|  |TAMS 0x0000000093f00000, 0x0000000093f00000| Untracked 
|  48|0x0000000094000000, 0x0000000094000000, 0x0000000094100000|  0%| F|  |TAMS 0x0000000094000000, 0x0000000094000000| Untracked 
|  49|0x0000000094100000, 0x0000000094100000, 0x0000000094200000|  0%| F|  |TAMS 0x0000000094100000, 0x0000000094100000| Untracked 
|  50|0x0000000094200000, 0x0000000094200000, 0x0000000094300000|  0%| F|  |TAMS 0x0000000094200000, 0x0000000094200000| Untracked 
|  51|0x0000000094300000, 0x0000000094300000, 0x0000000094400000|  0%| F|  |TAMS 0x0000000094300000, 0x0000000094300000| Untracked 
|  52|0x0000000094400000, 0x0000000094400000, 0x0000000094500000|  0%| F|  |TAMS 0x0000000094400000, 0x0000000094400000| Untracked 
|  53|0x0000000094500000, 0x0000000094500000, 0x0000000094600000|  0%| F|  |TAMS 0x0000000094500000, 0x0000000094500000| Untracked 
|  54|0x0000000094600000, 0x0000000094600000, 0x0000000094700000|  0%| F|  |TAMS 0x0000000094600000, 0x0000000094600000| Untracked 
|  55|0x0000000094700000, 0x0000000094700000, 0x0000000094800000|  0%| F|  |TAMS 0x0000000094700000, 0x0000000094700000| Untracked 
|  56|0x0000000094800000, 0x0000000094800000, 0x0000000094900000|  0%| F|  |TAMS 0x0000000094800000, 0x0000000094800000| Untracked 
|  57|0x0000000094900000, 0x0000000094900000, 0x0000000094a00000|  0%| F|  |TAMS 0x0000000094900000, 0x0000000094900000| Untracked 
|  58|0x0000000094a00000, 0x0000000094a00000, 0x0000000094b00000|  0%| F|  |TAMS 0x0000000094a00000, 0x0000000094a00000| Untracked 
|  59|0x0000000094b00000, 0x0000000094b00000, 0x0000000094c00000|  0%| F|  |TAMS 0x0000000094b00000, 0x0000000094b00000| Untracked 
|  60|0x0000000094c00000, 0x0000000094c00000, 0x0000000094d00000|  0%| F|  |TAMS 0x0000000094c00000, 0x0000000094c00000| Untracked 
|  61|0x0000000094d00000, 0x0000000094d00000, 0x0000000094e00000|  0%| F|  |TAMS 0x0000000094d00000, 0x0000000094d00000| Untracked 
|  62|0x0000000094e00000, 0x0000000094e00000, 0x0000000094f00000|  0%| F|  |TAMS 0x0000000094e00000, 0x0000000094e00000| Untracked 
|  63|0x0000000094f00000, 0x0000000094f00000, 0x0000000095000000|  0%| F|  |TAMS 0x0000000094f00000, 0x0000000094f00000| Untracked 
|  64|0x0000000095000000, 0x0000000095000000, 0x0000000095100000|  0%| F|  |TAMS 0x0000000095000000, 0x0000000095000000| Untracked 
|  65|0x0000000095100000, 0x0000000095100000, 0x0000000095200000|  0%| F|  |TAMS 0x0000000095100000, 0x0000000095100000| Untracked 
|  66|0x0000000095200000, 0x0000000095200000, 0x0000000095300000|  0%| F|  |TAMS 0x0000000095200000, 0x0000000095200000| Untracked 
|  67|0x0000000095300000, 0x0000000095300000, 0x0000000095400000|  0%| F|  |TAMS 0x0000000095300000, 0x0000000095300000| Untracked 
|  68|0x0000000095400000, 0x0000000095400000, 0x0000000095500000|  0%| F|  |TAMS 0x0000000095400000, 0x0000000095400000| Untracked 
|  69|0x0000000095500000, 0x0000000095500000, 0x0000000095600000|  0%| F|  |TAMS 0x0000000095500000, 0x0000000095500000| Untracked 
|  70|0x0000000095600000, 0x0000000095600000, 0x0000000095700000|  0%| F|  |TAMS 0x0000000095600000, 0x0000000095600000| Untracked 
|  71|0x0000000095700000, 0x0000000095700000, 0x0000000095800000|  0%| F|  |TAMS 0x0000000095700000, 0x0000000095700000| Untracked 
|  72|0x0000000095800000, 0x0000000095800000, 0x0000000095900000|  0%| F|  |TAMS 0x0000000095800000, 0x0000000095800000| Untracked 
|  73|0x0000000095900000, 0x0000000095900000, 0x0000000095a00000|  0%| F|  |TAMS 0x0000000095900000, 0x0000000095900000| Untracked 
|  74|0x0000000095a00000, 0x0000000095a00000, 0x0000000095b00000|  0%| F|  |TAMS 0x0000000095a00000, 0x0000000095a00000| Untracked 
|  75|0x0000000095b00000, 0x0000000095b00000, 0x0000000095c00000|  0%| F|  |TAMS 0x0000000095b00000, 0x0000000095b00000| Untracked 
|  76|0x0000000095c00000, 0x0000000095c00000, 0x0000000095d00000|  0%| F|  |TAMS 0x0000000095c00000, 0x0000000095c00000| Untracked 
|  77|0x0000000095d00000, 0x0000000095d00000, 0x0000000095e00000|  0%| F|  |TAMS 0x0000000095d00000, 0x0000000095d00000| Untracked 
|  78|0x0000000095e00000, 0x0000000095e00000, 0x0000000095f00000|  0%| F|  |TAMS 0x0000000095e00000, 0x0000000095e00000| Untracked 
|  79|0x0000000095f00000, 0x0000000095f00000, 0x0000000096000000|  0%| F|  |TAMS 0x0000000095f00000, 0x0000000095f00000| Untracked 
|  80|0x0000000096000000, 0x0000000096000000, 0x0000000096100000|  0%| F|  |TAMS 0x0000000096000000, 0x0000000096000000| Untracked 
|  81|0x0000000096100000, 0x0000000096100000, 0x0000000096200000|  0%| F|  |TAMS 0x0000000096100000, 0x0000000096100000| Untracked 
|  82|0x0000000096200000, 0x0000000096200000, 0x0000000096300000|  0%| F|  |TAMS 0x0000000096200000, 0x0000000096200000| Untracked 
|  83|0x0000000096300000, 0x0000000096300000, 0x0000000096400000|  0%| F|  |TAMS 0x0000000096300000, 0x0000000096300000| Untracked 
|  84|0x0000000096400000, 0x0000000096400000, 0x0000000096500000|  0%| F|  |TAMS 0x0000000096400000, 0x0000000096400000| Untracked 
|  85|0x0000000096500000, 0x0000000096500000, 0x0000000096600000|  0%| F|  |TAMS 0x0000000096500000, 0x0000000096500000| Untracked 
|  86|0x0000000096600000, 0x0000000096600000, 0x0000000096700000|  0%| F|  |TAMS 0x0000000096600000, 0x0000000096600000| Untracked 
|  87|0x0000000096700000, 0x0000000096700000, 0x0000000096800000|  0%| F|  |TAMS 0x0000000096700000, 0x0000000096700000| Untracked 
|  88|0x0000000096800000, 0x0000000096800000, 0x0000000096900000|  0%| F|  |TAMS 0x0000000096800000, 0x0000000096800000| Untracked 
|  89|0x0000000096900000, 0x0000000096900000, 0x0000000096a00000|  0%| F|  |TAMS 0x0000000096900000, 0x0000000096900000| Untracked 
|  90|0x0000000096a00000, 0x0000000096a00000, 0x0000000096b00000|  0%| F|  |TAMS 0x0000000096a00000, 0x0000000096a00000| Untracked 
|  91|0x0000000096b00000, 0x0000000096b00000, 0x0000000096c00000|  0%| F|  |TAMS 0x0000000096b00000, 0x0000000096b00000| Untracked 
|  92|0x0000000096c00000, 0x0000000096c00000, 0x0000000096d00000|  0%| F|  |TAMS 0x0000000096c00000, 0x0000000096c00000| Untracked 
|  93|0x0000000096d00000, 0x0000000096d00000, 0x0000000096e00000|  0%| F|  |TAMS 0x0000000096d00000, 0x0000000096d00000| Untracked 
|  94|0x0000000096e00000, 0x0000000096e00000, 0x0000000096f00000|  0%| F|  |TAMS 0x0000000096e00000, 0x0000000096e00000| Untracked 
|  95|0x0000000096f00000, 0x0000000096f00000, 0x0000000097000000|  0%| F|  |TAMS 0x0000000096f00000, 0x0000000096f00000| Untracked 
|  96|0x0000000097000000, 0x0000000097000000, 0x0000000097100000|  0%| F|  |TAMS 0x0000000097000000, 0x0000000097000000| Untracked 
|  97|0x0000000097100000, 0x0000000097100000, 0x0000000097200000|  0%| F|  |TAMS 0x0000000097100000, 0x0000000097100000| Untracked 
|  98|0x0000000097200000, 0x0000000097200000, 0x0000000097300000|  0%| F|  |TAMS 0x0000000097200000, 0x0000000097200000| Untracked 
|  99|0x0000000097300000, 0x0000000097300000, 0x0000000097400000|  0%| F|  |TAMS 0x0000000097300000, 0x0000000097300000| Untracked 
| 100|0x0000000097400000, 0x0000000097400000, 0x0000000097500000|  0%| F|  |TAMS 0x0000000097400000, 0x0000000097400000| Untracked 
| 101|0x0000000097500000, 0x0000000097500000, 0x0000000097600000|  0%| F|  |TAMS 0x0000000097500000, 0x0000000097500000| Untracked 
| 102|0x0000000097600000, 0x0000000097600000, 0x0000000097700000|  0%| F|  |TAMS 0x0000000097600000, 0x0000000097600000| Untracked 
| 103|0x0000000097700000, 0x0000000097700000, 0x0000000097800000|  0%| F|  |TAMS 0x0000000097700000, 0x0000000097700000| Untracked 
| 104|0x0000000097800000, 0x0000000097800000, 0x0000000097900000|  0%| F|  |TAMS 0x0000000097800000, 0x0000000097800000| Untracked 
| 105|0x0000000097900000, 0x0000000097900000, 0x0000000097a00000|  0%| F|  |TAMS 0x0000000097900000, 0x0000000097900000| Untracked 
| 106|0x0000000097a00000, 0x0000000097a00000, 0x0000000097b00000|  0%| F|  |TAMS 0x0000000097a00000, 0x0000000097a00000| Untracked 
| 107|0x0000000097b00000, 0x0000000097bec470, 0x0000000097c00000| 92%| E|  |TAMS 0x0000000097b00000, 0x0000000097b00000| Complete 
| 108|0x0000000097c00000, 0x0000000097d00000, 0x0000000097d00000|100%| E|CS|TAMS 0x0000000097c00000, 0x0000000097c00000| Complete 
| 109|0x0000000097d00000, 0x0000000097e00000, 0x0000000097e00000|100%| E|CS|TAMS 0x0000000097d00000, 0x0000000097d00000| Complete 
| 110|0x0000000097e00000, 0x0000000097f00000, 0x0000000097f00000|100%| E|CS|TAMS 0x0000000097e00000, 0x0000000097e00000| Complete 
| 111|0x0000000097f00000, 0x0000000098000000, 0x0000000098000000|100%| E|CS|TAMS 0x0000000097f00000, 0x0000000097f00000| Complete 

Card table byte_map: [0x000002ac27db0000,0x000002ac28130000] _byte_map_base: 0x000002ac27928000

Marking Bits (Prev, Next): (CMBitMap*) 0x000002ac0ff93448, (CMBitMap*) 0x000002ac0ff93488
 Prev Bits: [0x000002ac284b0000, 0x000002ac2a070000)
 Next Bits: [0x000002ac2a070000, 0x000002ac2bc30000)

Polling page: 0x000002ac0dec0000

Metaspace:

Usage:
  Non-class:      4.36 MB capacity,     2.47 MB ( 57%) used,     1.89 MB ( 43%) free+waste,     2.75 KB ( <1%) overhead. 
      Class:    443.00 KB capacity,   258.51 KB ( 58%) used,   182.93 KB ( 41%) free+waste,     1.56 KB ( <1%) overhead. 
       Both:      4.79 MB capacity,     2.72 MB ( 57%) used,     2.07 MB ( 43%) free+waste,     4.31 KB ( <1%) overhead. 

Virtual space:
  Non-class space:        8.00 MB reserved,       4.50 MB ( 56%) committed 
      Class space:        1.00 GB reserved,     512.00 KB ( <1%) committed 
             Both:        1.01 GB reserved,       5.00 MB ( <1%) committed 

Chunk freelists:
   Non-Class:  14.00 KB
       Class:  5.00 KB
        Both:  19.00 KB

MaxMetaspaceSize: 17179869184.00 GB
CompressedClassSpaceSize: 1.00 GB

CodeHeap 'non-profiled nmethods': size=120000Kb used=128Kb max_used=128Kb free=119871Kb
 bounds [0x000002ac201d0000, 0x000002ac20440000, 0x000002ac27700000]
CodeHeap 'profiled nmethods': size=120000Kb used=581Kb max_used=581Kb free=119419Kb
 bounds [0x000002ac18ca0000, 0x000002ac18f10000, 0x000002ac201d0000]
CodeHeap 'non-nmethods': size=5760Kb used=1224Kb max_used=1240Kb free=4535Kb
 bounds [0x000002ac18700000, 0x000002ac18970000, 0x000002ac18ca0000]
 total_blobs=798 nmethods=414 adapters=297
 compilation: enabled
              stopped_count=0, restarted_count=0
 full_count=0

Compilation events (20 events):
Event: 81.583 Thread 0x000002ac2e679800  407       3       org.eclipse.jdt.launching.internal.org.objectweb.asm.ClassReader::getItem (7 bytes)
Event: 81.583 Thread 0x000002ac2e679800 nmethod 407 0x000002ac18d2ef10 code [0x000002ac18d2f0a0, 0x000002ac18d2f1f8]
Event: 81.583 Thread 0x000002ac2e679800  410       3       org.eclipse.jdt.launching.internal.org.objectweb.asm.Symbol::<init> (38 bytes)
Event: 81.583 Thread 0x000002ac2e665800  413       4       org.eclipse.jdt.launching.internal.org.objectweb.asm.ClassReader::readUnsignedShort (26 bytes)
Event: 81.583 Thread 0x000002ac2e679800 nmethod 410 0x000002ac18d2f310 code [0x000002ac18d2f4c0, 0x000002ac18d2f778]
Event: 81.583 Thread 0x000002ac2e679800  411       3       org.eclipse.jdt.launching.internal.org.objectweb.asm.SymbolTable::add (39 bytes)
Event: 81.584 Thread 0x000002ac2e679800 nmethod 411 0x000002ac18d2f890 code [0x000002ac18d2fa40, 0x000002ac18d2fdb8]
Event: 81.584 Thread 0x000002ac2e679800  412       3       org.eclipse.jdt.launching.internal.org.objectweb.asm.ClassReader::readUTF8 (23 bytes)
Event: 81.584 Thread 0x000002ac2e679800 nmethod 412 0x000002ac18d2ff10 code [0x000002ac18d300c0, 0x000002ac18d30388]
Event: 81.584 Thread 0x000002ac2e679800  408       3       org.eclipse.jdt.launching.internal.org.objectweb.asm.SymbolTable::hash (10 bytes)
Event: 81.586 Thread 0x000002ac2e679800 nmethod 408 0x000002ac18d30510 code [0x000002ac18d306c0, 0x000002ac18d307e8]
Event: 81.586 Thread 0x000002ac2e679800  409       3       org.eclipse.jdt.launching.internal.org.objectweb.asm.SymbolTable$Entry::<init> (17 bytes)
Event: 81.586 Thread 0x000002ac2e665800 

Event: 81.586 Thread 0x000002ac2e679800 nmethod 409 0x000002ac18d30910 code [0x000002ac18d30ac0, 0x000002ac18d30c68]
Event: 100.476 Thread 0x000002ac2e679800  414       3       org.eclipse.jdt.launching.internal.org.objectweb.asm.SymbolTable::addConstantUtf8 (20 bytes)
Event: 100.476 Thread 0x000002ac2e679800 nmethod 414 0x000002ac18d30d10 code [0x000002ac18d30ee0, 0x000002ac18d31268]
Event: 119.835 Thread 0x000002ac2e665800  415       4       org.eclipse.jdt.launching.internal.org.objectweb.asm.ClassReader::getItem (7 bytes)
Event: 119.837 Thread 0x000002ac2e665800 

Event: 119.838 Thread 0x000002ac2e665800  416       4       java.lang.StringUTF16::compress (50 bytes)
Event: 119.844 Thread 0x000002ac2e665800 nmethod 416 0x000002ac201ef990 code [0x000002ac201efb60, 0x000002ac201efff8]

GC Heap History (0 events):
No events

Deoptimization events (20 events):
Event: 0.500 Thread 0x000002ac0ff53800 DEOPT PACKING pc=0x000002ac18d15581 sp=0x000000ceb12f7b00
Event: 0.500 Thread 0x000002ac0ff53800 DEOPT UNPACKING pc=0x000002ac1874964e sp=0x000000ceb12f6fc8 mode 0
Event: 0.500 Thread 0x000002ac0ff53800 DEOPT PACKING pc=0x000002ac18d15581 sp=0x000000ceb12f7b00
Event: 0.500 Thread 0x000002ac0ff53800 DEOPT UNPACKING pc=0x000002ac1874964e sp=0x000000ceb12f6fc8 mode 0
Event: 0.501 Thread 0x000002ac0ff53800 DEOPT PACKING pc=0x000002ac18d15581 sp=0x000000ceb12f7b00
Event: 0.501 Thread 0x000002ac0ff53800 DEOPT UNPACKING pc=0x000002ac1874964e sp=0x000000ceb12f6fc8 mode 0
Event: 0.502 Thread 0x000002ac0ff53800 DEOPT PACKING pc=0x000002ac18d15581 sp=0x000000ceb12f7b00
Event: 0.502 Thread 0x000002ac0ff53800 DEOPT UNPACKING pc=0x000002ac1874964e sp=0x000000ceb12f6fc8 mode 0
Event: 0.502 Thread 0x000002ac0ff53800 DEOPT PACKING pc=0x000002ac18d15581 sp=0x000000ceb12f7b00
Event: 0.502 Thread 0x000002ac0ff53800 DEOPT UNPACKING pc=0x000002ac1874964e sp=0x000000ceb12f6fc8 mode 0
Event: 0.502 Thread 0x000002ac0ff53800 DEOPT PACKING pc=0x000002ac18d15581 sp=0x000000ceb12f7b00
Event: 0.502 Thread 0x000002ac0ff53800 DEOPT UNPACKING pc=0x000002ac1874964e sp=0x000000ceb12f6fc8 mode 0
Event: 0.503 Thread 0x000002ac0ff53800 DEOPT PACKING pc=0x000002ac18d15581 sp=0x000000ceb12f7b00
Event: 0.503 Thread 0x000002ac0ff53800 DEOPT UNPACKING pc=0x000002ac1874964e sp=0x000000ceb12f6fc8 mode 0
Event: 0.506 Thread 0x000002ac0ff53800 DEOPT PACKING pc=0x000002ac18d15581 sp=0x000000ceb12fb5e0
Event: 0.506 Thread 0x000002ac0ff53800 DEOPT UNPACKING pc=0x000002ac1874964e sp=0x000000ceb12faaa8 mode 0
Event: 0.506 Thread 0x000002ac0ff53800 DEOPT PACKING pc=0x000002ac18d15581 sp=0x000000ceb12fb5e0
Event: 0.506 Thread 0x000002ac0ff53800 DEOPT UNPACKING pc=0x000002ac1874964e sp=0x000000ceb12faaa8 mode 0
Event: 0.508 Thread 0x000002ac0ff53800 DEOPT PACKING pc=0x000002ac18d15581 sp=0x000000ceb12f7a80
Event: 0.508 Thread 0x000002ac0ff53800 DEOPT UNPACKING pc=0x000002ac1874964e sp=0x000000ceb12f6f48 mode 0

Classes unloaded (0 events):
No events

Classes redefined (4 events):
Event: 81.585 Thread 0x000002ac2e63b000 redefined class name=siHorarios.Max_One_Horarios, count=1
Event: 100.477 Thread 0x000002ac2e63b000 redefined class name=siHorarios.Max_One_Horarios, count=2
Event: 112.014 Thread 0x000002ac2e63b000 redefined class name=siHorarios.Max_One_Horarios, count=3
Event: 119.836 Thread 0x000002ac2e63b000 redefined class name=siHorarios.Max_One_Horarios, count=4

Internal exceptions (0 events):
No events

Events (20 events):
Event: 119.835 Executing VM operation: RedefineClasses
Event: 119.837 Executing VM operation: RedefineClasses done
Event: 119.837 Executing VM operation: HandshakeAllThreads
Event: 119.837 Executing VM operation: HandshakeAllThreads done
Event: 119.842 Executing VM operation: ChangeBreakpoints
Event: 119.843 Executing VM operation: ChangeBreakpoints done
Event: 119.847 Executing VM operation: ChangeBreakpoints
Event: 119.847 Executing VM operation: ChangeBreakpoints done
Event: 119.851 Executing VM operation: ChangeBreakpoints
Event: 119.851 Executing VM operation: ChangeBreakpoints done
Event: 119.852 Executing VM operation: GetFrameCount
Event: 119.852 Executing VM operation: GetFrameCount done
Event: 119.852 Executing VM operation: GetStackTrace
Event: 119.852 Executing VM operation: GetStackTrace done
Event: 119.882 Executing VM operation: GetFrameCount
Event: 119.882 Executing VM operation: GetFrameCount done
Event: 119.882 Executing VM operation: GetOwnedMonitorInfo
Event: 119.882 Executing VM operation: GetOwnedMonitorInfo done
Event: 119.882 Executing VM operation: GetCurrentContendedMonitor
Event: 119.882 Executing VM operation: GetCurrentContendedMonitor done


Dynamic libraries:
0x00007ff7e8fe0000 - 0x00007ff7e8fef000 	C:\Program Files\Java\jdk-14.0.2\bin\javaw.exe
0x00007ff8255b0000 - 0x00007ff8257a8000 	C:\WINDOWS\SYSTEM32\ntdll.dll
0x00007ff823e50000 - 0x00007ff823f0d000 	C:\WINDOWS\System32\KERNEL32.DLL
0x00007ff8230f0000 - 0x00007ff8233e6000 	C:\WINDOWS\System32\KERNELBASE.dll
0x00007ff823470000 - 0x00007ff823570000 	C:\WINDOWS\System32\ucrtbase.dll
0x00007ff819240000 - 0x00007ff819258000 	C:\Program Files\Java\jdk-14.0.2\bin\jli.dll
0x00007ff8191e0000 - 0x00007ff8191f5000 	C:\Program Files\Java\jdk-14.0.2\bin\VCRUNTIME140.dll
0x00007ff8237c0000 - 0x00007ff823870000 	C:\WINDOWS\System32\ADVAPI32.dll
0x00007ff8242c0000 - 0x00007ff82435e000 	C:\WINDOWS\System32\msvcrt.dll
0x00007ff823690000 - 0x00007ff823730000 	C:\WINDOWS\System32\sechost.dll
0x00007ff824090000 - 0x00007ff8241b5000 	C:\WINDOWS\System32\RPCRT4.dll
0x00007ff822d90000 - 0x00007ff822db7000 	C:\WINDOWS\System32\bcrypt.dll
0x00007ff823c50000 - 0x00007ff823dee000 	C:\WINDOWS\System32\USER32.dll
0x00007ff8233f0000 - 0x00007ff823412000 	C:\WINDOWS\System32\win32u.dll
0x00007ff823730000 - 0x00007ff82375b000 	C:\WINDOWS\System32\GDI32.dll
0x00007ff810fc0000 - 0x00007ff81125a000 	C:\WINDOWS\WinSxS\amd64_microsoft.windows.common-controls_6595b64144ccf1df_6.0.19041.3636_none_60b6a03d71f818d5\COMCTL32.dll
0x00007ff822f20000 - 0x00007ff823037000 	C:\WINDOWS\System32\gdi32full.dll
0x00007ff822cf0000 - 0x00007ff822d8d000 	C:\WINDOWS\System32\msvcp_win.dll
0x00007ff818510000 - 0x00007ff81851a000 	C:\WINDOWS\SYSTEM32\VERSION.dll
0x00007ff823f20000 - 0x00007ff823f52000 	C:\WINDOWS\System32\IMM32.DLL
0x00007ff818fc0000 - 0x00007ff81905b000 	C:\Program Files\Java\jdk-14.0.2\bin\msvcp140.dll
0x00007fffd1ff0000 - 0x00007fffd2b0e000 	C:\Program Files\Java\jdk-14.0.2\bin\server\jvm.dll
0x00007ff823c30000 - 0x00007ff823c38000 	C:\WINDOWS\System32\PSAPI.DLL
0x00007ff8184e0000 - 0x00007ff818507000 	C:\WINDOWS\SYSTEM32\WINMM.dll
0x00007ff81bb00000 - 0x00007ff81bb09000 	C:\WINDOWS\SYSTEM32\WSOCK32.dll
0x00007ff824250000 - 0x00007ff8242bb000 	C:\WINDOWS\System32\WS2_32.dll
0x00007ff821920000 - 0x00007ff821932000 	C:\WINDOWS\SYSTEM32\kernel.appcore.dll
0x00007ff81e0c0000 - 0x00007ff81e0ca000 	C:\Program Files\Java\jdk-14.0.2\bin\jimage.dll
0x00007ff820f10000 - 0x00007ff8210f4000 	C:\WINDOWS\SYSTEM32\DBGHELP.DLL
0x00007ff80ba30000 - 0x00007ff80ba64000 	C:\WINDOWS\SYSTEM32\dbgcore.DLL
0x00007ff822c60000 - 0x00007ff822ce2000 	C:\WINDOWS\System32\bcryptPrimitives.dll
0x00007ff813860000 - 0x00007ff813898000 	C:\Program Files\Java\jdk-14.0.2\bin\jdwp.dll
0x00007ff812080000 - 0x00007ff8120a5000 	C:\Program Files\Java\jdk-14.0.2\bin\java.dll
0x00007ff81be00000 - 0x00007ff81be0e000 	C:\Program Files\Java\jdk-14.0.2\bin\instrument.dll
0x00007ff815420000 - 0x00007ff815436000 	C:\Program Files\Java\jdk-14.0.2\bin\zip.dll
0x00007ff824c80000 - 0x00007ff8253eb000 	C:\WINDOWS\System32\SHELL32.dll
0x00007ff8206a0000 - 0x00007ff820e3e000 	C:\WINDOWS\SYSTEM32\windows.storage.dll
0x00007ff8238d0000 - 0x00007ff823c23000 	C:\WINDOWS\System32\combase.dll
0x00007ff8225c0000 - 0x00007ff8225ee000 	C:\WINDOWS\SYSTEM32\Wldp.dll
0x00007ff8253f0000 - 0x00007ff8254bd000 	C:\WINDOWS\System32\OLEAUT32.dll
0x00007ff8235e0000 - 0x00007ff82368d000 	C:\WINDOWS\System32\SHCORE.dll
0x00007ff823760000 - 0x00007ff8237b5000 	C:\WINDOWS\System32\shlwapi.dll
0x00007ff822b90000 - 0x00007ff822bb5000 	C:\WINDOWS\SYSTEM32\profapi.dll
0x00007ff8192a0000 - 0x00007ff8192ab000 	C:\Program Files\Java\jdk-14.0.2\bin\dt_socket.dll
0x00007ff821fe0000 - 0x00007ff82201b000 	C:\WINDOWS\SYSTEM32\IPHLPAPI.DLL
0x00007ff822300000 - 0x00007ff82236a000 	C:\WINDOWS\system32\mswsock.dll
0x00007ff822020000 - 0x00007ff8220eb000 	C:\WINDOWS\SYSTEM32\DNSAPI.dll
0x00007ff823c40000 - 0x00007ff823c48000 	C:\WINDOWS\System32\NSI.dll
0x00007ff812a40000 - 0x00007ff812a4a000 	C:\Windows\System32\rasadhlp.dll
0x0000000180000000 - 0x0000000180019000 	C:\WINDOWS\system32\PGPlsp.dll
0x00007ff812ca0000 - 0x00007ff812d20000 	C:\WINDOWS\System32\fwpuclnt.dll
0x00007ff813840000 - 0x00007ff813859000 	C:\Program Files\Java\jdk-14.0.2\bin\net.dll
0x00007ff818b10000 - 0x00007ff818c1a000 	C:\WINDOWS\SYSTEM32\WINHTTP.dll
0x00007ff812750000 - 0x00007ff812762000 	C:\Program Files\Java\jdk-14.0.2\bin\nio.dll
0x00007ff8191d0000 - 0x00007ff8191e0000 	C:\Program Files\Java\jdk-14.0.2\bin\verify.dll

dbghelp: loaded successfully - version: 4.0.5 - missing functions: none
symbol engine: initialized successfully - sym options: 0x614 - pdb path: .;C:\Program Files\Java\jdk-14.0.2\bin;C:\WINDOWS\SYSTEM32;C:\WINDOWS\WinSxS\amd64_microsoft.windows.common-controls_6595b64144ccf1df_6.0.19041.3636_none_60b6a03d71f818d5;C:\Program Files\Java\jdk-14.0.2\bin\server

VM Arguments:
jvm_args: -XX:+ShowCodeDetailsInExceptionMessages -agentlib:jdwp=transport=dt_socket,suspend=y,address=localhost:65203 -javaagent:D:\Users\ignac\Universidad\2-Segundo\MDP\eclipse\configuration\org.eclipse.osgi\222\0\.cp\lib\javaagent-shaded.jar -Dfile.encoding=Cp1252 
java_command: siHorarios.Max_One_Horarios
java_class_path (initial): C:\Users\ignac\mdp-workspace\siHorarios\bin
Launcher Type: SUN_STANDARD

[Global flags]
     intx CICompilerCount                          = 4                                         {product} {ergonomic}
     uint ConcGCThreads                            = 2                                         {product} {ergonomic}
     uint G1ConcRefinementThreads                  = 8                                         {product} {ergonomic}
   size_t G1HeapRegionSize                         = 1048576                                   {product} {ergonomic}
    uintx GCDrainStackTargetSize                   = 64                                        {product} {ergonomic}
   size_t InitialHeapSize                          = 117440512                                 {product} {ergonomic}
   size_t MarkStackSize                            = 4194304                                   {product} {ergonomic}
   size_t MaxHeapSize                              = 1862270976                                {product} {ergonomic}
   size_t MaxNewSize                               = 1116733440                                {product} {ergonomic}
   size_t MinHeapDeltaBytes                        = 1048576                                   {product} {ergonomic}
   size_t MinHeapSize                              = 8388608                                   {product} {ergonomic}
    uintx NonNMethodCodeHeapSize                   = 5839372                                {pd product} {ergonomic}
    uintx NonProfiledCodeHeapSize                  = 122909434                              {pd product} {ergonomic}
    uintx ProfiledCodeHeapSize                     = 122909434                              {pd product} {ergonomic}
    uintx ReservedCodeCacheSize                    = 251658240                              {pd product} {ergonomic}
     bool SegmentedCodeCache                       = true                                      {product} {ergonomic}
     bool ShowCodeDetailsInExceptionMessages       = true                                   {manageable} {command line}
   size_t SoftMaxHeapSize                          = 1862270976                             {manageable} {ergonomic}
     bool UseCompressedClassPointers               = true                                 {lp64_product} {ergonomic}
     bool UseCompressedOops                        = true                                 {lp64_product} {ergonomic}
     bool UseG1GC                                  = true                                      {product} {ergonomic}
     bool UseLargePagesIndividualAllocation        = false                                  {pd product} {ergonomic}

Logging:
Log output configuration:
 #0: stdout all=warning uptime,level,tags
 #1: stderr all=off uptime,level,tags

Environment Variables:
JAVA_HOME=C:\Program Files\Java\jdk-20
PATH=D:/Users/ignac/Universidad/2-Segundo/MDP/eclipse//plugins/org.eclipse.justj.openjdk.hotspot.jre.full.win32.x86_64_16.0.1.v20210528-1205/jre/bin/server;D:/Users/ignac/Universidad/2-Segundo/MDP/eclipse//plugins/org.eclipse.justj.openjdk.hotspot.jre.full.win32.x86_64_16.0.1.v20210528-1205/jre/bin;C:\Program Files\Java\jdk-20;C:\Program Files\Microsoft MPI\Bin\;C:\Program Files\Common Files\Oracle\Java\javapath;C:\ProgramData\Oracle\Java\javapath;C:\WINDOWS\system32;C:\WINDOWS;C:\WINDOWS\System32\Wbem;C:\WINDOWS\System32\WindowsPowerShell\v1.0\;C:\WINDOWS\System32\OpenSSH\;C:\Program Files\Microsoft SQL Server\110\Tools\Binn\;C:\Program Files (x86)\Microsoft SQL Server\150\Tools\Binn\;C:\Program Files\Microsoft SQL Server\150\Tools\Binn\;C:\Program Files (x86)\Microsoft SQL Server\150\DTS\Binn\;C:\Program Files\Microsoft SQL Server\150\DTS\Binn\;C:\Program Files\Microsoft SQL Server\Client SDK\ODBC\170\Tools\Binn\;D:\ignac\MyDAI\apache-maven-3.9.4\bin;C:\Program Files\dotnet\;D:\AutoFirma\AutoFirma;C:\Users\ignac\AppData\Local\Microsoft\WindowsApps;C:\Program Files\Azure Data Studio\bin;D:\ignac\Microsoft VS Code\bin;D:\ignac\Brackets\;D:\ignac\IntelliJ IDEA 2023.2.2\bin;;D:\ignac\MyDAI\apache-maven-3.9.4\bin;C:\Users\ignac\AppData\Local\GitHubDesktop\bin;D:\Users\ignac\Universidad\2-Segundo\MDP\eclipse;
USERNAME=ignac
OS=Windows_NT
PROCESSOR_IDENTIFIER=AMD64 Family 23 Model 24 Stepping 1, AuthenticAMD



---------------  S Y S T E M  ---------------

OS: Windows 10 , 64 bit Build 19041 (10.0.19041.3636)
OS uptime: 3 days 19:19 hours
HyperV virtualization detected

CPU:total 8 (initial active 8) (8 cores per cpu, 2 threads per core) family 23 model 24 stepping 1, cmov, cx8, fxsr, mmx, sse, sse2, sse3, ssse3, sse4.1, sse4.2, popcnt, avx, avx2, aes, clmul, mmxext, 3dnowpref, lzcnt, sse4a, ht, tsc, tscinvbit, tscinv, bmi1, bmi2, adx, sha, fma

Memory: 4k page, system-wide physical 7103M (706M free)
TotalPageFile size 15807M (AvailPageFile size 4041M)
current process WorkingSet (physical memory assigned to process): 42M, peak: 43M
current process commit charge ("private bytes"): 199M, peak: 200M

vm_info: Java HotSpot(TM) 64-Bit Server VM (14.0.2+12-46) for windows-amd64 JRE (14.0.2+12-46), built on Jul  9 2020 00:35:52 by "mach5one" with MS VC++ 15.9 (VS2017)

END.
